11 May 2011 22:50:52 DEBUG [EndpointsReader] Found endpoint URL : live/PayPalAPI/65.1=https://api.paypal.com/nvp
11 May 2011 22:50:52 DEBUG [EndpointsReader] Found endpoint URL : live/PayPalAPIAA/65.1=https://api-aa.paypal.com/nvp
11 May 2011 22:50:52 DEBUG [EndpointsReader] Found endpoint URL : live/PayPalAPI-threetoken/65.1=https://api-3t.paypal.com/nvp
11 May 2011 22:50:52 DEBUG [EndpointsReader] Found endpoint URL : live/PayPalAPIAA-threetoken/65.1=https://api-aa-3t.paypal.com/nvp
11 May 2011 22:50:52 DEBUG [EndpointsReader] Found endpoint URL : sandbox/PayPalAPI/65.1=https://api.sandbox.paypal.com/nvp
11 May 2011 22:50:52 DEBUG [EndpointsReader] Found endpoint URL : sandbox/PayPalAPIAA/65.1=https://api.sandbox.paypal.com/nvp
11 May 2011 22:50:52 DEBUG [EndpointsReader] Found endpoint URL : sandbox/PayPalAPI-threetoken/65.1=https://api-3t.sandbox.paypal.com/nvp
11 May 2011 22:50:52 DEBUG [EndpointsReader] Found endpoint URL : sandbox/PayPalAPIAA-threetoken/65.1=https://api-aa-3t.sandbox.paypal.com/nvp
11 May 2011 22:50:52 DEBUG [EndpointsReader] Found endpoint URL : beta-sandbox/PayPalAPI/65.1=https://api.beta-sandbox.paypal.com/nvp
11 May 2011 22:50:52 DEBUG [EndpointsReader] Found endpoint URL : beta-sandbox/PayPalAPIAA/65.1=https://api.beta-sandbox.paypal.com/nvp
11 May 2011 22:50:52 DEBUG [EndpointsReader] Found endpoint URL : beta-sandbox/PayPalAPI-threetoken/65.1=https://api-3t.beta-sandbox.paypal.com/nvp
11 May 2011 22:50:52 DEBUG [EndpointsReader] Found endpoint URL : beta-sandbox/PayPalAPIAA-threetoken/65.1=https://api-aa-3t.beta-sandbox.paypal.com/nvp
11 May 2011 22:50:52 DEBUG [NVPAPICaller] Connection opened for PayPalAPI: https://api-3t.sandbox.paypal.com/nvp
11 May 2011 22:50:52 INFO  [NVPAPICaller] STATE=CA&AMT=65.36&ACCT=****************&PAYMENTACTION=Authorization&STREET=2684+Lacy+Street+Suite+208&CVV2=****&COUNTRYCODE=US&FIRSTNAME=John&ZIP=CA&CREDITCARDTYPE=Visa&EXPDATE=022016&METHOD=DoDirectPayment&CITY=Los+Angeles&CURRENCYCODE=USD&LASTNAME=Dou&PWD=******&SOURCE=PAYPAL_JAVA_SDK_65.1&SIGNATURE=**********&USER=azarny_1297870225_biz_api1.gmail.com&VERSION=65.1 sent
11 May 2011 22:50:56 INFO  [NVPAPICaller] TIMESTAMP=2011%2d05%2d11T19%3a50%3a51Z&CORRELATIONID=f22fb48878dac&ACK=Success&VERSION=65%2e1&BUILD=1863577&AMT=65%2e36&CURRENCYCODE=USD&AVSCODE=X&CVV2MATCH=M&TRANSACTIONID=7RE96203KF572350P Ack : 200  Elapsed Time : 4,015 ms
11 May 2011 22:50:56 INFO  [NVPAPICaller] STATE=CA&AMT=63.99&ACCT=****************&PAYMENTACTION=Authorization&STREET=2684+Lacy+Street+Suite+208&CVV2=****&COUNTRYCODE=US&FIRSTNAME=John&ZIP=CA&CREDITCARDTYPE=Visa&EXPDATE=022016&METHOD=DoDirectPayment&CITY=Los+Angeles&CURRENCYCODE=USD&LASTNAME=Dou&PWD=******&SOURCE=PAYPAL_JAVA_SDK_65.1&SIGNATURE=**********&USER=azarny_1297870225_biz_api1.gmail.com&VERSION=65.1 sent
11 May 2011 22:50:59 INFO  [NVPAPICaller] TIMESTAMP=2011%2d05%2d11T19%3a50%3a54Z&CORRELATIONID=21776e81c221&ACK=Success&VERSION=65%2e1&BUILD=1863577&AMT=63%2e99&CURRENCYCODE=USD&AVSCODE=X&CVV2MATCH=M&TRANSACTIONID=98P11534CH893972U Ack : 200  Elapsed Time : 2,852 ms
11 May 2011 22:50:59 INFO  [NVPAPICaller] TRXTYPE=V&METHOD=DoVoid&AUTHORIZATIONID=7RE96203KF572350P&PWD=******&SOURCE=PAYPAL_JAVA_SDK_65.1&SIGNATURE=**********&USER=azarny_1297870225_biz_api1.gmail.com&VERSION=65.1 sent
11 May 2011 22:51:01 INFO  [NVPAPICaller] AUTHORIZATIONID=7RE96203KF572350P&TIMESTAMP=2011%2d05%2d11T19%3a50%3a56Z&CORRELATIONID=759c37afdf84d&ACK=Success&VERSION=65%2e1&BUILD=1882144 Ack : 200  Elapsed Time : 1,724 ms
11 May 2011 22:51:01 INFO  [NVPAPICaller] TRXTYPE=V&METHOD=DoVoid&AUTHORIZATIONID=98P11534CH893972U&PWD=******&SOURCE=PAYPAL_JAVA_SDK_65.1&SIGNATURE=**********&USER=azarny_1297870225_biz_api1.gmail.com&VERSION=65.1 sent
11 May 2011 22:51:03 INFO  [NVPAPICaller] AUTHORIZATIONID=98P11534CH893972U&TIMESTAMP=2011%2d05%2d11T19%3a50%3a58Z&CORRELATIONID=3e8940b89dc68&ACK=Success&VERSION=65%2e1&BUILD=1882144 Ack : 200  Elapsed Time : 1,641 ms
11 May 2011 22:51:03 DEBUG [NVPAPICaller] Connection opened for PayPalAPI: https://api-3t.sandbox.paypal.com/nvp
11 May 2011 22:51:03 INFO  [NVPAPICaller] STATE=CA&AMT=65.36&ACCT=****************&PAYMENTACTION=Authorization&STREET=2684+Lacy+Street+Suite+208&CVV2=****&COUNTRYCODE=US&FIRSTNAME=John&ZIP=CA&CREDITCARDTYPE=Visa&EXPDATE=022016&METHOD=DoDirectPayment&CITY=Los+Angeles&CURRENCYCODE=USD&LASTNAME=Dou&PWD=******&SOURCE=PAYPAL_JAVA_SDK_65.1&SIGNATURE=**********&USER=azarny_1297870225_biz_api1.gmail.com&VERSION=65.1 sent
11 May 2011 22:51:06 INFO  [NVPAPICaller] TIMESTAMP=2011%2d05%2d11T19%3a51%3a01Z&CORRELATIONID=bc8b1480b7403&ACK=Success&VERSION=65%2e1&BUILD=1863577&AMT=65%2e36&CURRENCYCODE=USD&AVSCODE=X&CVV2MATCH=M&TRANSACTIONID=27N36743SS1325532 Ack : 200  Elapsed Time : 3,138 ms
11 May 2011 22:51:06 INFO  [NVPAPICaller] STATE=CA&AMT=63.99&ACCT=****************&PAYMENTACTION=Authorization&STREET=2684+Lacy+Street+Suite+208&CVV2=****&COUNTRYCODE=US&FIRSTNAME=John&ZIP=CA&CREDITCARDTYPE=Visa&EXPDATE=022016&METHOD=DoDirectPayment&CITY=Los+Angeles&CURRENCYCODE=USD&LASTNAME=Dou&PWD=******&SOURCE=PAYPAL_JAVA_SDK_65.1&SIGNATURE=**********&USER=azarny_1297870225_biz_api1.gmail.com&VERSION=65.1 sent
11 May 2011 22:51:09 INFO  [NVPAPICaller] TIMESTAMP=2011%2d05%2d11T19%3a51%3a04Z&CORRELATIONID=7d91f167d8d4b&ACK=Success&VERSION=65%2e1&BUILD=1863577&AMT=63%2e99&CURRENCYCODE=USD&AVSCODE=X&CVV2MATCH=M&TRANSACTIONID=46G71259M7864761M Ack : 200  Elapsed Time : 2,807 ms
11 May 2011 22:51:09 INFO  [NVPAPICaller] TRXTYPE=D&COMPLETETYPE=NotComplete&AMT=65.36&METHOD=DoCapture&AUTHORIZATIONID=27N36743SS1325532&CURRENCYCODE=USD&PWD=******&SOURCE=PAYPAL_JAVA_SDK_65.1&SIGNATURE=**********&USER=azarny_1297870225_biz_api1.gmail.com&VERSION=65.1 sent
11 May 2011 22:51:12 INFO  [NVPAPICaller] AUTHORIZATIONID=27N36743SS1325532&TIMESTAMP=2011%2d05%2d11T19%3a51%3a07Z&CORRELATIONID=a5f6ad87af213&ACK=Success&VERSION=65%2e1&BUILD=1882144&TRANSACTIONID=6W993756Y3975735L&PARENTTRANSACTIONID=27N36743SS1325532&RECEIPTID=4422%2d6385%2d2969%2d3946&TRANSACTIONTYPE=webaccept&PAYMENTTYPE=instant&ORDERTIME=2011%2d05%2d11T19%3a51%3a06Z&AMT=65%2e36&FEEAMT=2%2e20&TAXAMT=0%2e00&CURRENCYCODE=USD&PAYMENTSTATUS=Pending&PENDINGREASON=paymentreview&REASONCODE=None&PROTECTIONELIGIBILITY=Ineligible&PROTECTIONELIGIBILITYTYPE=None Ack : 200  Elapsed Time : 2,967 ms
11 May 2011 22:51:12 INFO  [NVPAPICaller] TRXTYPE=D&COMPLETETYPE=NotComplete&AMT=63.99&METHOD=DoCapture&AUTHORIZATIONID=46G71259M7864761M&CURRENCYCODE=USD&PWD=******&SOURCE=PAYPAL_JAVA_SDK_65.1&SIGNATURE=**********&USER=azarny_1297870225_biz_api1.gmail.com&VERSION=65.1 sent
11 May 2011 22:51:16 INFO  [NVPAPICaller] AUTHORIZATIONID=46G71259M7864761M&TIMESTAMP=2011%2d05%2d11T19%3a51%3a11Z&CORRELATIONID=f083538b7d50&ACK=Success&VERSION=65%2e1&BUILD=1882144&TRANSACTIONID=7YR92048JT981124N&PARENTTRANSACTIONID=46G71259M7864761M&RECEIPTID=4490%2d0701%2d8266%2d2090&TRANSACTIONTYPE=webaccept&PAYMENTTYPE=instant&ORDERTIME=2011%2d05%2d11T19%3a51%3a10Z&AMT=63%2e99&FEEAMT=2%2e16&TAXAMT=0%2e00&CURRENCYCODE=USD&PAYMENTSTATUS=Pending&PENDINGREASON=paymentreview&REASONCODE=None&PROTECTIONELIGIBILITY=Ineligible&PROTECTIONELIGIBILITYTYPE=None Ack : 200  Elapsed Time : 3,505 ms
11 May 2011 22:51:16 DEBUG [NVPAPICaller] Connection opened for PayPalAPI: https://api-3t.sandbox.paypal.com/nvp
11 May 2011 22:51:16 INFO  [NVPAPICaller] STATE=CA&AMT=65.36&ACCT=****************&PAYMENTACTION=Authorization&STREET=2684+Lacy+Street+Suite+208&CVV2=****&COUNTRYCODE=US&FIRSTNAME=John&ZIP=CA&CREDITCARDTYPE=Visa&EXPDATE=022016&METHOD=DoDirectPayment&CITY=Los+Angeles&CURRENCYCODE=USD&LASTNAME=Dou&PWD=******&SOURCE=PAYPAL_JAVA_SDK_65.1&SIGNATURE=**********&USER=azarny_1297870225_biz_api1.gmail.com&VERSION=65.1 sent
11 May 2011 22:51:20 INFO  [NVPAPICaller] TIMESTAMP=2011%2d05%2d11T19%3a51%3a15Z&CORRELATIONID=a6b891a59c306&ACK=Success&VERSION=65%2e1&BUILD=1863577&AMT=65%2e36&CURRENCYCODE=USD&AVSCODE=X&CVV2MATCH=M&TRANSACTIONID=9XX72804JA607070N Ack : 200  Elapsed Time : 3,614 ms
11 May 2011 22:51:20 INFO  [NVPAPICaller] STATE=CA&AMT=63.99&ACCT=****************&PAYMENTACTION=Authorization&STREET=2684+Lacy+Street+Suite+208&CVV2=****&COUNTRYCODE=US&FIRSTNAME=John&ZIP=CA&CREDITCARDTYPE=Visa&EXPDATE=022016&METHOD=DoDirectPayment&CITY=Los+Angeles&CURRENCYCODE=USD&LASTNAME=Dou&PWD=******&SOURCE=PAYPAL_JAVA_SDK_65.1&SIGNATURE=**********&USER=azarny_1297870225_biz_api1.gmail.com&VERSION=65.1 sent
11 May 2011 22:51:22 INFO  [NVPAPICaller] TIMESTAMP=2011%2d05%2d11T19%3a51%3a17Z&CORRELATIONID=b0298f7d3f8be&ACK=Success&VERSION=65%2e1&BUILD=1863577&AMT=63%2e99&CURRENCYCODE=USD&AVSCODE=X&CVV2MATCH=M&TRANSACTIONID=05K94065H3984931J Ack : 200  Elapsed Time : 2,441 ms
11 May 2011 22:51:22 INFO  [NVPAPICaller] TRXTYPE=D&COMPLETETYPE=NotComplete&AMT=65.36&METHOD=DoCapture&AUTHORIZATIONID=9XX72804JA607070N&CURRENCYCODE=USD&PWD=******&SOURCE=PAYPAL_JAVA_SDK_65.1&SIGNATURE=**********&USER=azarny_1297870225_biz_api1.gmail.com&VERSION=65.1 sent
11 May 2011 22:51:26 INFO  [NVPAPICaller] AUTHORIZATIONID=9XX72804JA607070N&TIMESTAMP=2011%2d05%2d11T19%3a51%3a21Z&CORRELATIONID=7ed8943eb205b&ACK=Success&VERSION=65%2e1&BUILD=1882144&TRANSACTIONID=5WH348317H9181022&PARENTTRANSACTIONID=9XX72804JA607070N&RECEIPTID=4705%2d7561%2d4955%2d5614&TRANSACTIONTYPE=webaccept&PAYMENTTYPE=instant&ORDERTIME=2011%2d05%2d11T19%3a51%3a19Z&AMT=65%2e36&FEEAMT=2%2e20&TAXAMT=0%2e00&CURRENCYCODE=USD&PAYMENTSTATUS=Pending&PENDINGREASON=paymentreview&REASONCODE=None&PROTECTIONELIGIBILITY=Ineligible&PROTECTIONELIGIBILITYTYPE=None Ack : 200  Elapsed Time : 3,667 ms
11 May 2011 22:51:26 INFO  [NVPAPICaller] TRXTYPE=D&COMPLETETYPE=NotComplete&AMT=63.99&METHOD=DoCapture&AUTHORIZATIONID=05K94065H3984931J&CURRENCYCODE=USD&PWD=******&SOURCE=PAYPAL_JAVA_SDK_65.1&SIGNATURE=**********&USER=azarny_1297870225_biz_api1.gmail.com&VERSION=65.1 sent
11 May 2011 22:51:30 INFO  [NVPAPICaller] AUTHORIZATIONID=05K94065H3984931J&TIMESTAMP=2011%2d05%2d11T19%3a51%3a25Z&CORRELATIONID=116b4de66c5ad&ACK=Success&VERSION=65%2e1&BUILD=1882144&TRANSACTIONID=6N845967DE317735H&PARENTTRANSACTIONID=05K94065H3984931J&RECEIPTID=1030%2d6562%2d9848%2d6839&TRANSACTIONTYPE=webaccept&PAYMENTTYPE=instant&ORDERTIME=2011%2d05%2d11T19%3a51%3a24Z&AMT=63%2e99&FEEAMT=2%2e16&TAXAMT=0%2e00&CURRENCYCODE=USD&PAYMENTSTATUS=Pending&PENDINGREASON=paymentreview&REASONCODE=None&PROTECTIONELIGIBILITY=Ineligible&PROTECTIONELIGIBILITYTYPE=None Ack : 200  Elapsed Time : 4,130 ms
11 May 2011 22:51:30 INFO  [NVPAPICaller] REFUNDTYPE=Full&TRANSACTIONID=5WH348317H9181022&METHOD=RefundTransaction&PWD=******&SOURCE=PAYPAL_JAVA_SDK_65.1&SIGNATURE=**********&USER=azarny_1297870225_biz_api1.gmail.com&VERSION=65.1 sent
11 May 2011 22:51:32 INFO  [NVPAPICaller] REFUNDTRANSACTIONID=3MX17848LC975100R&FEEREFUNDAMT=1%2e90&GROSSREFUNDAMT=65%2e36&NETREFUNDAMT=63%2e46&CURRENCYCODE=USD&TOTALREFUNDEDAMOUNT=65%2e36&TIMESTAMP=2011%2d05%2d11T19%3a51%3a28Z&CORRELATIONID=e5175aab8b85f&ACK=Success&VERSION=65%2e1&BUILD=1882144 Ack : 200  Elapsed Time : 2,591 ms
11 May 2011 22:51:32 INFO  [NVPAPICaller] REFUNDTYPE=Full&TRANSACTIONID=6N845967DE317735H&METHOD=RefundTransaction&PWD=******&SOURCE=PAYPAL_JAVA_SDK_65.1&SIGNATURE=**********&USER=azarny_1297870225_biz_api1.gmail.com&VERSION=65.1 sent
11 May 2011 22:51:35 INFO  [NVPAPICaller] REFUNDTRANSACTIONID=1LF57790DB4225544&FEEREFUNDAMT=1%2e86&GROSSREFUNDAMT=63%2e99&NETREFUNDAMT=62%2e13&CURRENCYCODE=USD&TOTALREFUNDEDAMOUNT=63%2e99&TIMESTAMP=2011%2d05%2d11T19%3a51%3a30Z&CORRELATIONID=ce32c4a2298e1&ACK=Success&VERSION=65%2e1&BUILD=1882144 Ack : 200  Elapsed Time : 2,626 ms
11 May 2011 22:51:35 DEBUG [NVPAPICaller] Connection opened for PayPalAPI: https://api-3t.sandbox.paypal.com/nvp
11 May 2011 22:51:35 INFO  [NVPAPICaller] STATE=CA&AMT=65.36&ACCT=****************&PAYMENTACTION=Authorization&STREET=2684+Lacy+Street+Suite+208&CVV2=****&COUNTRYCODE=US&FIRSTNAME=John&ZIP=CA&CREDITCARDTYPE=Visa&EXPDATE=022016&METHOD=DoDirectPayment&CITY=Los+Angeles&CURRENCYCODE=USD&LASTNAME=Dou&PWD=******&SOURCE=PAYPAL_JAVA_SDK_65.1&SIGNATURE=**********&USER=azarny_1297870225_biz_api1.gmail.com&VERSION=65.1 sent
11 May 2011 22:51:38 INFO  [NVPAPICaller] TIMESTAMP=2011%2d05%2d11T19%3a51%3a33Z&CORRELATIONID=54e494a24630&ACK=Success&VERSION=65%2e1&BUILD=1863577&AMT=65%2e36&CURRENCYCODE=USD&AVSCODE=X&CVV2MATCH=M&TRANSACTIONID=8YL05458DS9235706 Ack : 200  Elapsed Time : 3,004 ms
11 May 2011 22:51:38 INFO  [NVPAPICaller] STATE=CA&AMT=63.99&ACCT=****************&PAYMENTACTION=Authorization&STREET=2684+Lacy+Street+Suite+208&CVV2=****&COUNTRYCODE=US&FIRSTNAME=John&ZIP=CA&CREDITCARDTYPE=Visa&EXPDATE=022016&METHOD=DoDirectPayment&CITY=Los+Angeles&CURRENCYCODE=USD&LASTNAME=Dou&PWD=******&SOURCE=PAYPAL_JAVA_SDK_65.1&SIGNATURE=**********&USER=azarny_1297870225_biz_api1.gmail.com&VERSION=65.1 sent
11 May 2011 22:51:41 INFO  [NVPAPICaller] TIMESTAMP=2011%2d05%2d11T19%3a51%3a36Z&CORRELATIONID=bf0871c129ec9&ACK=Success&VERSION=65%2e1&BUILD=1863577&AMT=63%2e99&CURRENCYCODE=USD&AVSCODE=X&CVV2MATCH=M&TRANSACTIONID=51G43159RX546473J Ack : 200  Elapsed Time : 2,883 ms
11 May 2011 22:51:41 INFO  [NVPAPICaller] TRXTYPE=D&COMPLETETYPE=NotComplete&AMT=65.36&METHOD=DoCapture&AUTHORIZATIONID=8YL05458DS9235706&CURRENCYCODE=USD&PWD=******&SOURCE=PAYPAL_JAVA_SDK_65.1&SIGNATURE=**********&USER=azarny_1297870225_biz_api1.gmail.com&VERSION=65.1 sent
11 May 2011 22:51:44 INFO  [NVPAPICaller] AUTHORIZATIONID=8YL05458DS9235706&TIMESTAMP=2011%2d05%2d11T19%3a51%3a39Z&CORRELATIONID=e82bcf7ce121&ACK=Success&VERSION=65%2e1&BUILD=1882144&TRANSACTIONID=4FU14522N7775413N&PARENTTRANSACTIONID=8YL05458DS9235706&RECEIPTID=3822%2d1425%2d0276%2d1679&TRANSACTIONTYPE=webaccept&PAYMENTTYPE=instant&ORDERTIME=2011%2d05%2d11T19%3a51%3a39Z&AMT=65%2e36&FEEAMT=2%2e20&TAXAMT=0%2e00&CURRENCYCODE=USD&PAYMENTSTATUS=Pending&PENDINGREASON=paymentreview&REASONCODE=None&PROTECTIONELIGIBILITY=Ineligible&PROTECTIONELIGIBILITYTYPE=None Ack : 200  Elapsed Time : 2,814 ms
11 May 2011 22:51:44 INFO  [NVPAPICaller] TRXTYPE=D&COMPLETETYPE=NotComplete&AMT=63.99&METHOD=DoCapture&AUTHORIZATIONID=51G43159RX546473J&CURRENCYCODE=USD&PWD=******&SOURCE=PAYPAL_JAVA_SDK_65.1&SIGNATURE=**********&USER=azarny_1297870225_biz_api1.gmail.com&VERSION=65.1 sent
11 May 2011 22:51:47 INFO  [NVPAPICaller] AUTHORIZATIONID=51G43159RX546473J&TIMESTAMP=2011%2d05%2d11T19%3a51%3a42Z&CORRELATIONID=f470d199dd57b&ACK=Success&VERSION=65%2e1&BUILD=1882144&TRANSACTIONID=10U014102U989845X&PARENTTRANSACTIONID=51G43159RX546473J&RECEIPTID=0129%2d0291%2d0336%2d6535&TRANSACTIONTYPE=webaccept&PAYMENTTYPE=instant&ORDERTIME=2011%2d05%2d11T19%3a51%3a42Z&AMT=63%2e99&FEEAMT=2%2e16&TAXAMT=0%2e00&CURRENCYCODE=USD&PAYMENTSTATUS=Pending&PENDINGREASON=paymentreview&REASONCODE=None&PROTECTIONELIGIBILITY=Ineligible&PROTECTIONELIGIBILITYTYPE=None Ack : 200  Elapsed Time : 2,897 ms
11 May 2011 22:51:47 INFO  [NVPAPICaller] REFUNDTYPE=Full&TRANSACTIONID=4FU14522N7775413N&METHOD=RefundTransaction&PWD=******&SOURCE=PAYPAL_JAVA_SDK_65.1&SIGNATURE=**********&USER=azarny_1297870225_biz_api1.gmail.com&VERSION=65.1 sent
11 May 2011 22:51:50 INFO  [NVPAPICaller] REFUNDTRANSACTIONID=9F42281927617340L&FEEREFUNDAMT=1%2e90&GROSSREFUNDAMT=65%2e36&NETREFUNDAMT=63%2e46&CURRENCYCODE=USD&TOTALREFUNDEDAMOUNT=65%2e36&TIMESTAMP=2011%2d05%2d11T19%3a51%3a45Z&CORRELATIONID=9961756ac68d9&ACK=Success&VERSION=65%2e1&BUILD=1882144 Ack : 200  Elapsed Time : 2,805 ms
11 May 2011 22:51:50 INFO  [NVPAPICaller] REFUNDTYPE=Full&TRANSACTIONID=10U014102U989845X&METHOD=RefundTransaction&PWD=******&SOURCE=PAYPAL_JAVA_SDK_65.1&SIGNATURE=**********&USER=azarny_1297870225_biz_api1.gmail.com&VERSION=65.1 sent
11 May 2011 22:51:53 INFO  [NVPAPICaller] REFUNDTRANSACTIONID=9UT46849DY508042L&FEEREFUNDAMT=1%2e86&GROSSREFUNDAMT=63%2e99&NETREFUNDAMT=62%2e13&CURRENCYCODE=USD&TOTALREFUNDEDAMOUNT=63%2e99&TIMESTAMP=2011%2d05%2d11T19%3a51%3a48Z&CORRELATIONID=14ba5cda97dd6&ACK=Success&VERSION=65%2e1&BUILD=1882144 Ack : 200  Elapsed Time : 2,891 ms
11 May 2011 22:51:53 DEBUG [NVPAPICaller] Connection opened for PayPalAPI: https://api-3t.sandbox.paypal.com/nvp
11 May 2011 22:51:53 INFO  [NVPAPICaller] STATE=CA&AMT=65.36&ACCT=****************&PAYMENTACTION=Sale&STREET=2684+Lacy+Street+Suite+208&CVV2=****&COUNTRYCODE=US&FIRSTNAME=John&ZIP=CA&CREDITCARDTYPE=Visa&EXPDATE=022016&METHOD=DoDirectPayment&CITY=Los+Angeles&CURRENCYCODE=USD&LASTNAME=Dou&PWD=******&SOURCE=PAYPAL_JAVA_SDK_65.1&SIGNATURE=**********&USER=azarny_1297870225_biz_api1.gmail.com&VERSION=65.1 sent
11 May 2011 22:51:56 INFO  [NVPAPICaller] TIMESTAMP=2011%2d05%2d11T19%3a51%3a51Z&CORRELATIONID=d33a3bd7db5ea&ACK=Success&VERSION=65%2e1&BUILD=1863577&AMT=65%2e36&CURRENCYCODE=USD&AVSCODE=X&CVV2MATCH=M&TRANSACTIONID=4SP1638413270561G Ack : 200  Elapsed Time : 3,170 ms
11 May 2011 22:51:56 INFO  [NVPAPICaller] STATE=CA&AMT=63.99&ACCT=****************&PAYMENTACTION=Sale&STREET=2684+Lacy+Street+Suite+208&CVV2=****&COUNTRYCODE=US&FIRSTNAME=John&ZIP=CA&CREDITCARDTYPE=Visa&EXPDATE=022016&METHOD=DoDirectPayment&CITY=Los+Angeles&CURRENCYCODE=USD&LASTNAME=Dou&PWD=******&SOURCE=PAYPAL_JAVA_SDK_65.1&SIGNATURE=**********&USER=azarny_1297870225_biz_api1.gmail.com&VERSION=65.1 sent
11 May 2011 22:52:00 INFO  [NVPAPICaller] TIMESTAMP=2011%2d05%2d11T19%3a51%3a55Z&CORRELATIONID=170954723567b&ACK=Success&VERSION=65%2e1&BUILD=1863577&AMT=63%2e99&CURRENCYCODE=USD&AVSCODE=X&CVV2MATCH=M&TRANSACTIONID=4E027292A7215603F Ack : 200  Elapsed Time : 3,742 ms
